<?xml version="1.0" encoding="UTF-8"?>
<!-- Generated by org.testng.reporters.JUnitReportReporter -->
<testsuite skipped="0" hostname="LAPTOP-CHE57JTV" name="vtigerframework.Test1" tests="1" failures="0" timestamp="10 Mar 2020 12:06:45 GMT" time="0.706" errors="0">
  <testcase name="test1" time="0.706" classname="vtigerframework.Test1"/>
</testsuite> <!-- vtigerframework.Test1 -->
