<?xml version="1.0" encoding="UTF-8"?>
<!-- Generated by org.testng.reporters.JUnitReportReporter -->
<testsuite skipped="0" hostname="LAPTOP-CHE57JTV" name="vtigerframework.CreateCampTest" tests="1" failures="0" timestamp="10 Mar 2020 06:29:30 GMT" time="74.744" errors="0">
  <testcase name="CreateCampaign" time="74.744" classname="vtigerframework.CreateCampTest"/>
</testsuite> <!-- vtigerframework.CreateCampTest -->
