<?xml version="1.0" encoding="UTF-8"?>
<!-- Generated by org.testng.reporters.JUnitReportReporter -->
<testsuite skipped="0" hostname="LAPTOP-CHE57JTV" name="vtigerframework.ExtentReport" tests="1" failures="0" timestamp="10 Mar 2020 12:19:45 GMT" time="0.042" errors="0">
  <testcase name="test1" time="0.042" classname="vtigerframework.ExtentReport"/>
</testsuite> <!-- vtigerframework.ExtentReport -->
